2025.04.02 20:15:51 INFO  Started: Metals version 1.5.2 in folders '/home/condo-142/es/tcc2' for client Visual Studio Code 1.97.2.
2025.04.02 20:15:51 INFO  no build target found for /home/condo-142/es/tcc2/stream-processing/src/main/scala/Main.scala. Using presentation compiler with project's scala-library version: 3.3.5
2025.04.02 20:16:02 INFO  running '/usr/bin/sbt -Dbloop.export-jar-classifiers=sources bloopInstall'
2025.04.02 20:16:04 INFO  [info] welcome to sbt 1.10.11 (Amazon.com Inc. Java 21.0.3)
2025.04.02 20:16:06 INFO  [info] loading settings for project stream-processing-build-build from metals.sbt...
2025.04.02 20:16:06 INFO  [info] loading project definition from /home/condo-142/es/tcc2/stream-processing/project/project
2025.04.02 20:16:11 INFO  [info] loading settings for project stream-processing-build from metals.sbt...
2025.04.02 20:16:11 INFO  [info] loading project definition from /home/condo-142/es/tcc2/stream-processing/project
2025.04.02 20:16:16 INFO  [success] Generated .bloop/stream-processing-build.json
2025.04.02 20:16:16 INFO  [success] Total time: 5 s, completed Apr 2, 2025, 8:16:16 PM
2025.04.02 20:16:17 INFO  [info] loading settings for project root from build.sbt...
2025.04.02 20:16:17 INFO  [info] set current project to stream-processing (in build file:/home/condo-142/es/tcc2/stream-processing/)
2025.04.02 20:16:19 WARN  no build target for: /home/condo-142/es/tcc2/stream-processing/src/main/scala/Main.scala
2025.04.02 20:16:19 INFO  no build target found for /home/condo-142/es/tcc2/stream-processing/src/main/scala/Main.scala. Using presentation compiler with project's scala-library version: 3.3.5
2025.04.02 20:16:19 INFO  no build target found for /home/condo-142/es/tcc2/stream-processing/src/main/scala/Main.scala. Using presentation compiler with project's scala-library version: 3.3.5
2025.04.02 20:16:21 INFO  no build target found for /home/condo-142/es/tcc2/stream-processing/src/main/scala/Main.scala. Using presentation compiler with project's scala-library version: 3.3.5
2025.04.02 20:16:21 INFO  no build target found for /home/condo-142/es/tcc2/stream-processing/src/main/scala/Main.scala. Using presentation compiler with project's scala-library version: 3.3.5
2025.04.02 20:16:21 INFO  no build target found for /home/condo-142/es/tcc2/stream-processing/src/main/scala/Main.scala. Using presentation compiler with project's scala-library version: 3.3.5
2025.04.02 20:16:21 INFO  no build target found for /home/condo-142/es/tcc2/stream-processing/src/main/scala/Main.scala. Using presentation compiler with project's scala-library version: 3.3.5
2025.04.02 20:16:21 INFO  no build target found for /home/condo-142/es/tcc2/stream-processing/src/main/scala/Main.scala. Using presentation compiler with project's scala-library version: 3.3.5
2025.04.02 20:16:23 INFO  no build target found for /home/condo-142/es/tcc2/stream-processing/src/main/scala/Main.scala. Using presentation compiler with project's scala-library version: 3.3.5
2025.04.02 20:16:24 INFO  no build target found for /home/condo-142/es/tcc2/stream-processing/build.sbt. Using presentation compiler with project's scala-library version: 3.3.5
2025.04.02 20:16:24 INFO  no build target found for /home/condo-142/es/tcc2/stream-processing/build.sbt. Using presentation compiler with project's scala-library version: 3.3.5
2025.04.02 20:16:24 INFO  no build target found for /home/condo-142/es/tcc2/stream-processing/build.sbt. Using presentation compiler with project's scala-library version: 3.3.5
2025.04.02 20:16:26 INFO  no build target found for /home/condo-142/es/tcc2/stream-processing/build.sbt. Using presentation compiler with project's scala-library version: 3.3.5
2025.04.02 20:16:26 INFO  no build target found for /home/condo-142/es/tcc2/stream-processing/build.sbt. Using presentation compiler with project's scala-library version: 3.3.5
2025.04.02 20:16:26 INFO  no build target found for /home/condo-142/es/tcc2/stream-processing/build.sbt. Using presentation compiler with project's scala-library version: 3.3.5
2025.04.02 20:16:26 INFO  no build target found for /home/condo-142/es/tcc2/stream-processing/build.sbt. Using presentation compiler with project's scala-library version: 3.3.5
2025.04.02 20:16:26 WARN  Could not find semantic tokens for: file:///home/condo-142/es/tcc2/stream-processing/build.sbt
2025.04.02 20:16:26 INFO  no build target found for /home/condo-142/es/tcc2/stream-processing/build.sbt. Using presentation compiler with project's scala-library version: 3.3.5
2025.04.02 20:16:27 INFO  no build target found for /home/condo-142/es/tcc2/stream-processing/build.sbt. Using presentation compiler with project's scala-library version: 3.3.5
2025.04.02 20:16:27 INFO  no build target found for /home/condo-142/es/tcc2/stream-processing/build.sbt. Using presentation compiler with project's scala-library version: 3.3.5
2025.04.02 20:16:27 INFO  no build target found for /home/condo-142/es/tcc2/stream-processing/build.sbt. Using presentation compiler with project's scala-library version: 3.3.5
2025.04.02 20:16:27 INFO  no build target found for /home/condo-142/es/tcc2/stream-processing/build.sbt. Using presentation compiler with project's scala-library version: 3.3.5
2025.04.02 20:16:27 INFO  no build target found for /home/condo-142/es/tcc2/stream-processing/build.sbt. Using presentation compiler with project's scala-library version: 3.3.5
2025.04.02 20:16:27 WARN  Could not find semantic tokens for: file:///home/condo-142/es/tcc2/stream-processing/build.sbt
2025.04.02 20:16:29 INFO  no build target found for /home/condo-142/es/tcc2/stream-processing/build.sbt. Using presentation compiler with project's scala-library version: 3.3.5
2025.04.02 20:16:29 INFO  no build target found for /home/condo-142/es/tcc2/stream-processing/build.sbt. Using presentation compiler with project's scala-library version: 3.3.5
2025.04.02 20:16:29 INFO  no build target found for /home/condo-142/es/tcc2/stream-processing/build.sbt. Using presentation compiler with project's scala-library version: 3.3.5
2025.04.02 20:16:29 WARN  no build target for: /home/condo-142/es/tcc2/stream-processing/build.sbt
2025.04.02 20:16:29 INFO  no build target found for /home/condo-142/es/tcc2/stream-processing/build.sbt. Using presentation compiler with project's scala-library version: 3.3.5
2025.04.02 20:16:29 INFO  no build target found for /home/condo-142/es/tcc2/stream-processing/build.sbt. Using presentation compiler with project's scala-library version: 3.3.5
2025.04.02 20:16:36 INFO  no build target found for /home/condo-142/es/tcc2/stream-processing/build.sbt. Using presentation compiler with project's scala-library version: 3.3.5
2025.04.02 20:16:36 INFO  no build target found for /home/condo-142/es/tcc2/stream-processing/build.sbt. Using presentation compiler with project's scala-library version: 3.3.5
2025.04.02 20:16:37 INFO  no build target found for /home/condo-142/es/tcc2/stream-processing/build.sbt. Using presentation compiler with project's scala-library version: 3.3.5
2025.04.02 20:16:36 INFO  no build target found for /home/condo-142/es/tcc2/stream-processing/build.sbt. Using presentation compiler with project's scala-library version: 3.3.5
2025.04.02 20:16:38 INFO  no build target found for /home/condo-142/es/tcc2/stream-processing/build.sbt. Using presentation compiler with project's scala-library version: 3.3.5
2025.04.02 20:16:38 INFO  no build target found for /home/condo-142/es/tcc2/stream-processing/build.sbt. Using presentation compiler with project's scala-library version: 3.3.5
2025.04.02 20:16:38 INFO  no build target found for /home/condo-142/es/tcc2/stream-processing/build.sbt. Using presentation compiler with project's scala-library version: 3.3.5
2025.04.02 20:16:39 INFO  no build target found for /home/condo-142/es/tcc2/stream-processing/build.sbt. Using presentation compiler with project's scala-library version: 3.3.5
2025.04.02 20:16:39 INFO  no build target found for /home/condo-142/es/tcc2/stream-processing/build.sbt. Using presentation compiler with project's scala-library version: 3.3.5
2025.04.02 20:16:39 INFO  no build target found for /home/condo-142/es/tcc2/stream-processing/build.sbt. Using presentation compiler with project's scala-library version: 3.3.5
2025.04.02 20:16:39 INFO  no build target found for /home/condo-142/es/tcc2/stream-processing/build.sbt. Using presentation compiler with project's scala-library version: 3.3.5
2025.04.02 20:16:39 INFO  no build target found for /home/condo-142/es/tcc2/stream-processing/build.sbt. Using presentation compiler with project's scala-library version: 3.3.5
2025.04.02 20:16:40 INFO  no build target found for /home/condo-142/es/tcc2/stream-processing/build.sbt. Using presentation compiler with project's scala-library version: 3.3.5
2025.04.02 20:16:39 INFO  no build target found for /home/condo-142/es/tcc2/stream-processing/build.sbt. Using presentation compiler with project's scala-library version: 3.3.5
2025.04.02 20:16:42 INFO  no build target found for /home/condo-142/es/tcc2/stream-processing/build.sbt. Using presentation compiler with project's scala-library version: 3.3.5
2025.04.02 20:16:43 INFO  no build target found for /home/condo-142/es/tcc2/stream-processing/build.sbt. Using presentation compiler with project's scala-library version: 3.3.5
2025.04.02 20:16:43 INFO  no build target found for /home/condo-142/es/tcc2/stream-processing/build.sbt. Using presentation compiler with project's scala-library version: 3.3.5
2025.04.02 20:16:51 INFO  no build target found for /home/condo-142/es/tcc2/stream-processing/build.sbt. Using presentation compiler with project's scala-library version: 3.3.5
2025.04.02 20:16:51 INFO  no build target found for /home/condo-142/es/tcc2/stream-processing/build.sbt. Using presentation compiler with project's scala-library version: 3.3.5
2025.04.02 20:16:51 INFO  no build target found for /home/condo-142/es/tcc2/stream-processing/build.sbt. Using presentation compiler with project's scala-library version: 3.3.5
2025.04.02 20:16:53 INFO  no build target found for /home/condo-142/es/tcc2/stream-processing/build.sbt. Using presentation compiler with project's scala-library version: 3.3.5
2025.04.02 20:16:53 INFO  no build target found for /home/condo-142/es/tcc2/stream-processing/build.sbt. Using presentation compiler with project's scala-library version: 3.3.5
2025.04.02 20:16:54 INFO  no build target found for /home/condo-142/es/tcc2/stream-processing/build.sbt. Using presentation compiler with project's scala-library version: 3.3.5
2025.04.02 20:16:54 INFO  no build target found for /home/condo-142/es/tcc2/stream-processing/build.sbt. Using presentation compiler with project's scala-library version: 3.3.5
2025.04.02 20:16:54 INFO  no build target found for /home/condo-142/es/tcc2/stream-processing/build.sbt. Using presentation compiler with project's scala-library version: 3.3.5
2025.04.02 20:16:55 INFO  no build target found for /home/condo-142/es/tcc2/stream-processing/build.sbt. Using presentation compiler with project's scala-library version: 3.3.5
2025.04.02 20:16:55 INFO  no build target found for /home/condo-142/es/tcc2/stream-processing/build.sbt. Using presentation compiler with project's scala-library version: 3.3.5
2025.04.02 20:16:55 INFO  no build target found for /home/condo-142/es/tcc2/stream-processing/build.sbt. Using presentation compiler with project's scala-library version: 3.3.5
2025.04.02 20:16:56 INFO  no build target found for /home/condo-142/es/tcc2/stream-processing/build.sbt. Using presentation compiler with project's scala-library version: 3.3.5
2025.04.02 20:16:56 INFO  no build target found for /home/condo-142/es/tcc2/stream-processing/build.sbt. Using presentation compiler with project's scala-library version: 3.3.5
2025.04.02 20:16:57 INFO  no build target found for /home/condo-142/es/tcc2/stream-processing/build.sbt. Using presentation compiler with project's scala-library version: 3.3.5
2025.04.02 20:16:56 INFO  no build target found for /home/condo-142/es/tcc2/stream-processing/build.sbt. Using presentation compiler with project's scala-library version: 3.3.5
2025.04.02 20:16:56 INFO  no build target found for /home/condo-142/es/tcc2/stream-processing/build.sbt. Using presentation compiler with project's scala-library version: 3.3.5
2025.04.02 20:16:57 INFO  no build target found for /home/condo-142/es/tcc2/stream-processing/build.sbt. Using presentation compiler with project's scala-library version: 3.3.5
2025.04.02 20:16:59 INFO  no build target found for /home/condo-142/es/tcc2/stream-processing/build.sbt. Using presentation compiler with project's scala-library version: 3.3.5
2025.04.02 20:16:59 INFO  no build target found for /home/condo-142/es/tcc2/stream-processing/build.sbt. Using presentation compiler with project's scala-library version: 3.3.5
2025.04.02 20:16:59 INFO  no build target found for /home/condo-142/es/tcc2/stream-processing/build.sbt. Using presentation compiler with project's scala-library version: 3.3.5
2025.04.02 20:17:00 INFO  no build target found for /home/condo-142/es/tcc2/stream-processing/build.sbt. Using presentation compiler with project's scala-library version: 3.3.5
2025.04.02 20:16:59 INFO  no build target found for /home/condo-142/es/tcc2/stream-processing/build.sbt. Using presentation compiler with project's scala-library version: 3.3.5
2025.04.02 20:17:00 INFO  no build target found for /home/condo-142/es/tcc2/stream-processing/build.sbt. Using presentation compiler with project's scala-library version: 3.3.5
2025.04.02 20:17:00 INFO  no build target found for /home/condo-142/es/tcc2/stream-processing/build.sbt. Using presentation compiler with project's scala-library version: 3.3.5
2025.04.02 20:17:00 INFO  no build target found for /home/condo-142/es/tcc2/stream-processing/build.sbt. Using presentation compiler with project's scala-library version: 3.3.5
2025.04.02 20:17:02 INFO  no build target found for /home/condo-142/es/tcc2/stream-processing/build.sbt. Using presentation compiler with project's scala-library version: 3.3.5
2025.04.02 20:17:02 INFO  no build target found for /home/condo-142/es/tcc2/stream-processing/build.sbt. Using presentation compiler with project's scala-library version: 3.3.5
2025.04.02 20:17:03 INFO  no build target found for /home/condo-142/es/tcc2/stream-processing/build.sbt. Using presentation compiler with project's scala-library version: 3.3.5
2025.04.02 20:17:04 INFO  no build target found for /home/condo-142/es/tcc2/stream-processing/build.sbt. Using presentation compiler with project's scala-library version: 3.3.5
2025.04.02 20:17:04 INFO  no build target found for /home/condo-142/es/tcc2/stream-processing/build.sbt. Using presentation compiler with project's scala-library version: 3.3.5
2025.04.02 20:17:05 INFO  no build target found for /home/condo-142/es/tcc2/stream-processing/build.sbt. Using presentation compiler with project's scala-library version: 3.3.5
2025.04.02 20:17:04 INFO  no build target found for /home/condo-142/es/tcc2/stream-processing/build.sbt. Using presentation compiler with project's scala-library version: 3.3.5
2025.04.02 20:17:06 INFO  no build target found for /home/condo-142/es/tcc2/stream-processing/build.sbt. Using presentation compiler with project's scala-library version: 3.3.5
2025.04.02 20:17:06 INFO  no build target found for /home/condo-142/es/tcc2/stream-processing/build.sbt. Using presentation compiler with project's scala-library version: 3.3.5
2025.04.02 20:17:06 INFO  no build target found for /home/condo-142/es/tcc2/stream-processing/build.sbt. Using presentation compiler with project's scala-library version: 3.3.5
2025.04.02 20:17:06 INFO  no build target found for /home/condo-142/es/tcc2/stream-processing/build.sbt. Using presentation compiler with project's scala-library version: 3.3.5
2025.04.02 20:17:06 INFO  no build target found for /home/condo-142/es/tcc2/stream-processing/build.sbt. Using presentation compiler with project's scala-library version: 3.3.5
2025.04.02 20:17:06 INFO  no build target found for /home/condo-142/es/tcc2/stream-processing/build.sbt. Using presentation compiler with project's scala-library version: 3.3.5
2025.04.02 20:17:07 INFO  no build target found for /home/condo-142/es/tcc2/stream-processing/build.sbt. Using presentation compiler with project's scala-library version: 3.3.5
2025.04.02 20:17:07 INFO  no build target found for /home/condo-142/es/tcc2/stream-processing/build.sbt. Using presentation compiler with project's scala-library version: 3.3.5
2025.04.02 20:17:07 INFO  no build target found for /home/condo-142/es/tcc2/stream-processing/build.sbt. Using presentation compiler with project's scala-library version: 3.3.5
2025.04.02 20:17:07 INFO  no build target found for /home/condo-142/es/tcc2/stream-processing/build.sbt. Using presentation compiler with project's scala-library version: 3.3.5
2025.04.02 20:17:08 INFO  no build target found for /home/condo-142/es/tcc2/stream-processing/build.sbt. Using presentation compiler with project's scala-library version: 3.3.5
2025.04.02 20:17:07 INFO  no build target found for /home/condo-142/es/tcc2/stream-processing/build.sbt. Using presentation compiler with project's scala-library version: 3.3.5
2025.04.02 20:17:07 INFO  no build target found for /home/condo-142/es/tcc2/stream-processing/build.sbt. Using presentation compiler with project's scala-library version: 3.3.5
2025.04.02 20:17:08 INFO  no build target found for /home/condo-142/es/tcc2/stream-processing/build.sbt. Using presentation compiler with project's scala-library version: 3.3.5
2025.04.02 20:17:07 INFO  no build target found for /home/condo-142/es/tcc2/stream-processing/build.sbt. Using presentation compiler with project's scala-library version: 3.3.5
2025.04.02 20:17:08 INFO  no build target found for /home/condo-142/es/tcc2/stream-processing/build.sbt. Using presentation compiler with project's scala-library version: 3.3.5
2025.04.02 20:17:08 INFO  no build target found for /home/condo-142/es/tcc2/stream-processing/build.sbt. Using presentation compiler with project's scala-library version: 3.3.5
2025.04.02 20:17:09 INFO  no build target found for /home/condo-142/es/tcc2/stream-processing/build.sbt. Using presentation compiler with project's scala-library version: 3.3.5
2025.04.02 20:17:08 INFO  no build target found for /home/condo-142/es/tcc2/stream-processing/build.sbt. Using presentation compiler with project's scala-library version: 3.3.5
2025.04.02 20:17:09 INFO  no build target found for /home/condo-142/es/tcc2/stream-processing/build.sbt. Using presentation compiler with project's scala-library version: 3.3.5
2025.04.02 20:17:09 WARN  no build target for: /home/condo-142/es/tcc2/stream-processing/build.sbt
2025.04.02 20:17:09 INFO  no build target found for /home/condo-142/es/tcc2/stream-processing/build.sbt. Using presentation compiler with project's scala-library version: 3.3.5
2025.04.02 20:17:12 INFO  no build target found for /home/condo-142/es/tcc2/stream-processing/build.sbt. Using presentation compiler with project's scala-library version: 3.3.5
2025.04.02 20:17:12 INFO  no build target found for /home/condo-142/es/tcc2/stream-processing/build.sbt. Using presentation compiler with project's scala-library version: 3.3.5
2025.04.02 20:17:12 INFO  no build target found for /home/condo-142/es/tcc2/stream-processing/build.sbt. Using presentation compiler with project's scala-library version: 3.3.5
2025.04.02 20:17:12 INFO  no build target found for /home/condo-142/es/tcc2/stream-processing/build.sbt. Using presentation compiler with project's scala-library version: 3.3.5
2025.04.02 20:17:12 INFO  no build target found for /home/condo-142/es/tcc2/stream-processing/build.sbt. Using presentation compiler with project's scala-library version: 3.3.5
2025.04.02 20:17:13 INFO  [success] Generated .bloop/root.json
2025.04.02 20:17:13 INFO  [success] Generated .bloop/root-test.json
2025.04.02 20:17:13 INFO  [success] Total time: 55 s, completed Apr 2, 2025, 8:17:13 PM
2025.04.02 20:17:13 INFO  no build target found for /home/condo-142/es/tcc2/stream-processing/build.sbt. Using presentation compiler with project's scala-library version: 3.3.5
2025.04.02 20:17:13 INFO  time: ran 'sbt bloopInstall' in 1m10s
2025.04.02 20:17:13 INFO  Attempting to connect to the build server...
2025.04.02 20:17:13 INFO  No running Bloop server found, starting one.
2025.04.02 20:17:13 INFO  no build target found for /home/condo-142/es/tcc2/stream-processing/build.sbt. Using presentation compiler with project's scala-library version: 3.3.5
2025.04.02 20:17:13 WARN  no build target for: /home/condo-142/es/tcc2/stream-processing/build.sbt
2025.04.02 20:17:13 INFO  no build target found for /home/condo-142/es/tcc2/stream-processing/build.sbt. Using presentation compiler with project's scala-library version: 3.3.5
2025.04.02 20:17:13 INFO  no build target found for /home/condo-142/es/tcc2/stream-processing/build.sbt. Using presentation compiler with project's scala-library version: 3.3.5
2025.04.02 20:17:15 INFO  no build target found for /home/condo-142/es/tcc2/stream-processing/build.sbt. Using presentation compiler with project's scala-library version: 3.3.5
2025.04.02 20:17:15 INFO  no build target found for /home/condo-142/es/tcc2/stream-processing/build.sbt. Using presentation compiler with project's scala-library version: 3.3.5
2025.04.02 20:17:15 INFO  no build target found for /home/condo-142/es/tcc2/stream-processing/build.sbt. Using presentation compiler with project's scala-library version: 3.3.5
2025.04.02 20:17:16 WARN  no build target for: /home/condo-142/es/tcc2/stream-processing/build.sbt
2025.04.02 20:17:16 INFO  no build target found for /home/condo-142/es/tcc2/stream-processing/build.sbt. Using presentation compiler with project's scala-library version: 3.3.5
2025.04.02 20:17:16 INFO  no build target found for /home/condo-142/es/tcc2/stream-processing/build.sbt. Using presentation compiler with project's scala-library version: 3.3.5
2025.04.02 20:17:32 INFO  Starting compilation server
2025.04.02 20:17:33 INFO  tracing is disabled for protocol BSP, to enable tracing of incoming and outgoing JSON messages create an empty file at /home/condo-142/es/tcc2/.metals/bsp.trace.json or /home/condo-142/.cache/metals/bsp.trace.json
2025.04.02 20:17:33 INFO  time: Connected to build server in 20s
2025.04.02 20:17:33 INFO  Connected to Build server: Bloop v2.0.9
2025.04.02 20:18:13 INFO  time: indexed workspace in 39s
2025.04.02 20:18:13 WARN  no build target for: /home/condo-142/es/tcc2/stream-processing/build.sbt
2025.04.02 20:18:14 INFO  compiling root (1 scala source)
2025.04.02 20:18:17 INFO  compiling root-test (1 scala source)
2025.04.02 20:18:17 INFO  time: compiled root in 3.67s
2025.04.02 20:18:18 INFO  time: compiled root-test in 1.19s
2025.04.02 20:18:18 INFO  no build target found for /home/condo-142/es/tcc2/stream-processing/build.sbt. Using presentation compiler with project's scala-library version: 3.6.4
2025.04.02 20:18:18 INFO  no build target found for /home/condo-142/es/tcc2/stream-processing/build.sbt. Using presentation compiler with project's scala-library version: 3.6.4
2025.04.02 20:18:18 INFO  no build target found for /home/condo-142/es/tcc2/stream-processing/build.sbt. Using presentation compiler with project's scala-library version: 3.6.4
2025.04.02 20:18:18 WARN  no build target for: /home/condo-142/es/tcc2/stream-processing/build.sbt
2025.04.02 20:18:19 INFO  no build target found for /home/condo-142/es/tcc2/stream-processing/build.sbt. Using presentation compiler with project's scala-library version: 3.6.4
2025.04.02 20:19:17 INFO  no build target found for /home/condo-142/es/tcc2/stream-processing/build.sbt. Using presentation compiler with project's scala-library version: 3.6.4
2025.04.02 20:19:17 INFO  compiling root (1 scala source)
2025.04.02 20:19:17 INFO  time: compiled root in 0.49s
2025.04.02 20:19:22 INFO  compiling root (2 scala sources)
2025.04.02 20:19:22 INFO  time: compiled root in 0.65s
2025.04.02 20:19:25 INFO  compiling root (1 scala source)
2025.04.02 20:19:25 INFO  time: compiled root in 0.47s
2025.04.02 20:19:47 INFO  no build target found for /home/condo-142/es/tcc2/stream-processing/build.sbt. Using presentation compiler with project's scala-library version: 3.6.4
2025.04.02 20:19:47 WARN  no build target for: /home/condo-142/es/tcc2/stream-processing/build.sbt
2025.04.02 20:19:47 INFO  no build target found for /home/condo-142/es/tcc2/stream-processing/build.sbt. Using presentation compiler with project's scala-library version: 3.6.4
2025.04.02 20:19:47 INFO  no build target found for /home/condo-142/es/tcc2/stream-processing/build.sbt. Using presentation compiler with project's scala-library version: 3.6.4
2025.04.02 20:19:47 INFO  no build target found for /home/condo-142/es/tcc2/stream-processing/build.sbt. Using presentation compiler with project's scala-library version: 3.6.4
Apr 02, 2025 8:19:47 PM scala.meta.internal.metals.StdReporter $anonfun$create$1
WARNING: empty definition using pc, found symbol in pc: `<none>`. (full report at: /home/condo-142/es/tcc2/.metals/.reports/metals-full/2025-04-02/r_empty-definition_20-19-47-944.md)
2025.04.02 20:19:47 INFO  no build target found for /home/condo-142/es/tcc2/stream-processing/build.sbt. Using presentation compiler with project's scala-library version: 3.6.4
2025.04.02 20:20:19 INFO  no build target found for /home/condo-142/es/tcc2/stream-processing/build.sbt. Using presentation compiler with project's scala-library version: 3.6.4
2025.04.02 20:21:25 INFO  no build target found for /home/condo-142/es/tcc2/stream-processing/build.sbt. Using presentation compiler with project's scala-library version: 3.6.4
2025.04.02 20:21:25 INFO  no build target found for /home/condo-142/es/tcc2/stream-processing/build.sbt. Using presentation compiler with project's scala-library version: 3.6.4
2025.04.02 20:21:26 INFO  no build target found for /home/condo-142/es/tcc2/stream-processing/build.sbt. Using presentation compiler with project's scala-library version: 3.6.4
2025.04.02 20:21:26 INFO  no build target found for /home/condo-142/es/tcc2/stream-processing/build.sbt. Using presentation compiler with project's scala-library version: 3.6.4
2025.04.02 20:21:26 WARN  no build target for: /home/condo-142/es/tcc2/stream-processing/build.sbt
2025.04.02 20:21:26 INFO  no build target found for /home/condo-142/es/tcc2/stream-processing/build.sbt. Using presentation compiler with project's scala-library version: 3.6.4
2025.04.02 20:21:29 INFO  no build target found for /home/condo-142/es/tcc2/stream-processing/build.sbt. Using presentation compiler with project's scala-library version: 3.6.4
2025.04.02 20:21:30 INFO  no build target found for /home/condo-142/es/tcc2/stream-processing/build.sbt. Using presentation compiler with project's scala-library version: 3.6.4
2025.04.02 20:21:30 INFO  no build target found for /home/condo-142/es/tcc2/stream-processing/build.sbt. Using presentation compiler with project's scala-library version: 3.6.4
2025.04.02 20:21:31 INFO  no build target found for /home/condo-142/es/tcc2/stream-processing/build.sbt. Using presentation compiler with project's scala-library version: 3.6.4
2025.04.02 20:21:30 INFO  no build target found for /home/condo-142/es/tcc2/stream-processing/build.sbt. Using presentation compiler with project's scala-library version: 3.6.4
2025.04.02 20:21:30 INFO  no build target found for /home/condo-142/es/tcc2/stream-processing/build.sbt. Using presentation compiler with project's scala-library version: 3.6.4
2025.04.02 20:21:31 INFO  no build target found for /home/condo-142/es/tcc2/stream-processing/build.sbt. Using presentation compiler with project's scala-library version: 3.6.4
2025.04.02 20:21:31 INFO  no build target found for /home/condo-142/es/tcc2/stream-processing/build.sbt. Using presentation compiler with project's scala-library version: 3.6.4
2025.04.02 20:21:32 WARN  no build target for: /home/condo-142/es/tcc2/stream-processing/build.sbt
2025.04.02 20:21:31 INFO  no build target found for /home/condo-142/es/tcc2/stream-processing/build.sbt. Using presentation compiler with project's scala-library version: 3.6.4
2025.04.02 20:54:14 INFO  no build target found for /home/condo-142/es/tcc2/stream-processing/build.sbt. Using presentation compiler with project's scala-library version: 3.6.4
2025.04.02 20:54:14 INFO  no build target found for /home/condo-142/es/tcc2/stream-processing/build.sbt. Using presentation compiler with project's scala-library version: 3.6.4
2025.04.02 20:54:14 INFO  no build target found for /home/condo-142/es/tcc2/stream-processing/build.sbt. Using presentation compiler with project's scala-library version: 3.6.4
2025.04.02 20:54:14 INFO  no build target found for /home/condo-142/es/tcc2/stream-processing/build.sbt. Using presentation compiler with project's scala-library version: 3.6.4
2025.04.02 20:54:14 WARN  no build target for: /home/condo-142/es/tcc2/stream-processing/build.sbt
2025.04.02 20:54:14 INFO  no build target found for /home/condo-142/es/tcc2/stream-processing/build.sbt. Using presentation compiler with project's scala-library version: 3.6.4
2025.04.02 20:54:39 INFO  no build target found for /home/condo-142/es/tcc2/stream-processing/build.sbt. Using presentation compiler with project's scala-library version: 3.6.4
2025.04.02 20:54:39 INFO  no build target found for /home/condo-142/es/tcc2/stream-processing/build.sbt. Using presentation compiler with project's scala-library version: 3.6.4
2025.04.02 20:54:39 INFO  no build target found for /home/condo-142/es/tcc2/stream-processing/build.sbt. Using presentation compiler with project's scala-library version: 3.6.4
2025.04.02 20:54:39 INFO  no build target found for /home/condo-142/es/tcc2/stream-processing/build.sbt. Using presentation compiler with project's scala-library version: 3.6.4
2025.04.02 20:54:39 INFO  no build target found for /home/condo-142/es/tcc2/stream-processing/build.sbt. Using presentation compiler with project's scala-library version: 3.6.4
2025.04.02 20:54:40 INFO  no build target found for /home/condo-142/es/tcc2/stream-processing/build.sbt. Using presentation compiler with project's scala-library version: 3.6.4
2025.04.02 20:54:40 WARN  no build target for: /home/condo-142/es/tcc2/stream-processing/build.sbt
2025.04.02 20:54:40 INFO  no build target found for /home/condo-142/es/tcc2/stream-processing/build.sbt. Using presentation compiler with project's scala-library version: 3.6.4
2025.04.02 20:54:40 INFO  no build target found for /home/condo-142/es/tcc2/stream-processing/build.sbt. Using presentation compiler with project's scala-library version: 3.6.4
2025.04.02 20:54:44 INFO  no build target found for /home/condo-142/es/tcc2/stream-processing/build.sbt. Using presentation compiler with project's scala-library version: 3.6.4
2025.04.02 20:55:49 INFO  no build target found for /home/condo-142/es/tcc2/stream-processing/build.sbt. Using presentation compiler with project's scala-library version: 3.6.4
2025.04.02 20:56:05 INFO  no build target found for /home/condo-142/es/tcc2/stream-processing/build.sbt. Using presentation compiler with project's scala-library version: 3.6.4
2025.04.02 20:56:05 INFO  no build target found for /home/condo-142/es/tcc2/stream-processing/build.sbt. Using presentation compiler with project's scala-library version: 3.6.4
2025.04.02 20:56:07 INFO  no build target found for /home/condo-142/es/tcc2/stream-processing/build.sbt. Using presentation compiler with project's scala-library version: 3.6.4
2025.04.02 20:56:07 INFO  no build target found for /home/condo-142/es/tcc2/stream-processing/build.sbt. Using presentation compiler with project's scala-library version: 3.6.4
2025.04.02 20:56:24 INFO  no build target found for /home/condo-142/es/tcc2/stream-processing/build.sbt. Using presentation compiler with project's scala-library version: 3.6.4
2025.04.02 20:56:24 INFO  no build target found for /home/condo-142/es/tcc2/stream-processing/build.sbt. Using presentation compiler with project's scala-library version: 3.6.4
2025.04.02 20:56:25 INFO  no build target found for /home/condo-142/es/tcc2/stream-processing/build.sbt. Using presentation compiler with project's scala-library version: 3.6.4
2025.04.02 20:56:25 INFO  no build target found for /home/condo-142/es/tcc2/stream-processing/build.sbt. Using presentation compiler with project's scala-library version: 3.6.4
2025.04.02 20:56:25 INFO  no build target found for /home/condo-142/es/tcc2/stream-processing/build.sbt. Using presentation compiler with project's scala-library version: 3.6.4
2025.04.02 20:56:27 INFO  no build target found for /home/condo-142/es/tcc2/stream-processing/build.sbt. Using presentation compiler with project's scala-library version: 3.6.4
2025.04.02 20:56:27 INFO  no build target found for /home/condo-142/es/tcc2/stream-processing/build.sbt. Using presentation compiler with project's scala-library version: 3.6.4
2025.04.02 20:56:27 INFO  no build target found for /home/condo-142/es/tcc2/stream-processing/build.sbt. Using presentation compiler with project's scala-library version: 3.6.4
2025.04.02 20:56:28 INFO  no build target found for /home/condo-142/es/tcc2/stream-processing/build.sbt. Using presentation compiler with project's scala-library version: 3.6.4
2025.04.02 20:56:27 INFO  no build target found for /home/condo-142/es/tcc2/stream-processing/build.sbt. Using presentation compiler with project's scala-library version: 3.6.4
2025.04.02 20:56:28 INFO  no build target found for /home/condo-142/es/tcc2/stream-processing/build.sbt. Using presentation compiler with project's scala-library version: 3.6.4
Exception in thread "pool-81-thread-1" java.lang.InterruptedException
	at scala.meta.internal.metals.FutureCancelToken.checkCanceled(FutureCancelToken.scala:29)
	at scala.meta.internal.pc.CompilerAccess.onCompilerJobQueue$$anonfun$1(CompilerAccess.scala:244)
	at scala.meta.internal.pc.CompilerJobQueue$Job.run(CompilerJobQueue.scala:153)
	at java.base/java.util.concurrent.ThreadPoolExecutor.runWorker(ThreadPoolExecutor.java:1144)
	at java.base/java.util.concurrent.ThreadPoolExecutor$Worker.run(ThreadPoolExecutor.java:642)
	at java.base/java.lang.Thread.run(Thread.java:1583)
2025.04.02 20:56:27 INFO  no build target found for /home/condo-142/es/tcc2/stream-processing/build.sbt. Using presentation compiler with project's scala-library version: 3.6.4
Apr 02, 2025 8:56:28 PM scala.meta.internal.metals.StdReporter $anonfun$create$1
WARNING: empty definition using pc, found symbol in pc: `<none>`. (full report at: /home/condo-142/es/tcc2/.metals/.reports/metals-full/2025-04-02/r_empty-definition_20-19-47-944.md)
2025.04.02 20:56:27 INFO  no build target found for /home/condo-142/es/tcc2/stream-processing/build.sbt. Using presentation compiler with project's scala-library version: 3.6.4
2025.04.02 20:56:27 INFO  no build target found for /home/condo-142/es/tcc2/stream-processing/build.sbt. Using presentation compiler with project's scala-library version: 3.6.4
2025.04.02 20:56:28 INFO  no build target found for /home/condo-142/es/tcc2/stream-processing/build.sbt. Using presentation compiler with project's scala-library version: 3.6.4
2025.04.02 20:56:27 INFO  no build target found for /home/condo-142/es/tcc2/stream-processing/build.sbt. Using presentation compiler with project's scala-library version: 3.6.4
2025.04.02 20:56:28 INFO  no build target found for /home/condo-142/es/tcc2/stream-processing/build.sbt. Using presentation compiler with project's scala-library version: 3.6.4
2025.04.02 20:56:28 INFO  no build target found for /home/condo-142/es/tcc2/stream-processing/build.sbt. Using presentation compiler with project's scala-library version: 3.6.4
2025.04.02 20:56:28 INFO  no build target found for /home/condo-142/es/tcc2/stream-processing/build.sbt. Using presentation compiler with project's scala-library version: 3.6.4
2025.04.02 20:56:29 INFO  no build target found for /home/condo-142/es/tcc2/stream-processing/build.sbt. Using presentation compiler with project's scala-library version: 3.6.4
2025.04.02 20:56:30 INFO  no build target found for /home/condo-142/es/tcc2/stream-processing/build.sbt. Using presentation compiler with project's scala-library version: 3.6.4
2025.04.02 20:56:29 INFO  no build target found for /home/condo-142/es/tcc2/stream-processing/build.sbt. Using presentation compiler with project's scala-library version: 3.6.4
2025.04.02 20:56:29 INFO  no build target found for /home/condo-142/es/tcc2/stream-processing/build.sbt. Using presentation compiler with project's scala-library version: 3.6.4
2025.04.02 20:56:30 INFO  no build target found for /home/condo-142/es/tcc2/stream-processing/build.sbt. Using presentation compiler with project's scala-library version: 3.6.4
2025.04.02 20:56:32 INFO  no build target found for /home/condo-142/es/tcc2/stream-processing/build.sbt. Using presentation compiler with project's scala-library version: 3.6.4
2025.04.02 20:56:32 INFO  no build target found for /home/condo-142/es/tcc2/stream-processing/build.sbt. Using presentation compiler with project's scala-library version: 3.6.4
2025.04.02 20:56:33 INFO  no build target found for /home/condo-142/es/tcc2/stream-processing/build.sbt. Using presentation compiler with project's scala-library version: 3.6.4
2025.04.02 20:56:33 INFO  no build target found for /home/condo-142/es/tcc2/stream-processing/build.sbt. Using presentation compiler with project's scala-library version: 3.6.4
2025.04.02 20:56:33 INFO  no build target found for /home/condo-142/es/tcc2/stream-processing/build.sbt. Using presentation compiler with project's scala-library version: 3.6.4
2025.04.02 20:56:33 INFO  no build target found for /home/condo-142/es/tcc2/stream-processing/build.sbt. Using presentation compiler with project's scala-library version: 3.6.4
2025.04.02 20:56:34 INFO  no build target found for /home/condo-142/es/tcc2/stream-processing/build.sbt. Using presentation compiler with project's scala-library version: 3.6.4
2025.04.02 20:56:33 INFO  no build target found for /home/condo-142/es/tcc2/stream-processing/build.sbt. Using presentation compiler with project's scala-library version: 3.6.4
2025.04.02 20:56:34 INFO  no build target found for /home/condo-142/es/tcc2/stream-processing/build.sbt. Using presentation compiler with project's scala-library version: 3.6.4
2025.04.02 20:56:34 INFO  no build target found for /home/condo-142/es/tcc2/stream-processing/build.sbt. Using presentation compiler with project's scala-library version: 3.6.4
2025.04.02 20:56:34 INFO  no build target found for /home/condo-142/es/tcc2/stream-processing/build.sbt. Using presentation compiler with project's scala-library version: 3.6.4
2025.04.02 20:56:34 INFO  no build target found for /home/condo-142/es/tcc2/stream-processing/build.sbt. Using presentation compiler with project's scala-library version: 3.6.4
2025.04.02 20:56:34 INFO  no build target found for /home/condo-142/es/tcc2/stream-processing/build.sbt. Using presentation compiler with project's scala-library version: 3.6.4
2025.04.02 20:56:34 INFO  no build target found for /home/condo-142/es/tcc2/stream-processing/build.sbt. Using presentation compiler with project's scala-library version: 3.6.4
2025.04.02 20:56:35 INFO  no build target found for /home/condo-142/es/tcc2/stream-processing/build.sbt. Using presentation compiler with project's scala-library version: 3.6.4
2025.04.02 20:56:35 INFO  no build target found for /home/condo-142/es/tcc2/stream-processing/build.sbt. Using presentation compiler with project's scala-library version: 3.6.4
2025.04.02 20:56:35 INFO  no build target found for /home/condo-142/es/tcc2/stream-processing/build.sbt. Using presentation compiler with project's scala-library version: 3.6.4
2025.04.02 20:56:35 INFO  no build target found for /home/condo-142/es/tcc2/stream-processing/build.sbt. Using presentation compiler with project's scala-library version: 3.6.4
2025.04.02 20:56:35 INFO  no build target found for /home/condo-142/es/tcc2/stream-processing/build.sbt. Using presentation compiler with project's scala-library version: 3.6.4
2025.04.02 20:56:36 INFO  no build target found for /home/condo-142/es/tcc2/stream-processing/build.sbt. Using presentation compiler with project's scala-library version: 3.6.4
2025.04.02 20:56:35 INFO  no build target found for /home/condo-142/es/tcc2/stream-processing/build.sbt. Using presentation compiler with project's scala-library version: 3.6.4
2025.04.02 20:56:35 INFO  no build target found for /home/condo-142/es/tcc2/stream-processing/build.sbt. Using presentation compiler with project's scala-library version: 3.6.4
2025.04.02 20:56:36 INFO  no build target found for /home/condo-142/es/tcc2/stream-processing/build.sbt. Using presentation compiler with project's scala-library version: 3.6.4
2025.04.02 20:56:37 INFO  no build target found for /home/condo-142/es/tcc2/stream-processing/build.sbt. Using presentation compiler with project's scala-library version: 3.6.4
2025.04.02 20:56:37 WARN  no build target for: /home/condo-142/es/tcc2/stream-processing/build.sbt
2025.04.02 20:56:37 INFO  no build target found for /home/condo-142/es/tcc2/stream-processing/build.sbt. Using presentation compiler with project's scala-library version: 3.6.4
2025.04.02 20:56:47 INFO  no build target found for /home/condo-142/es/tcc2/stream-processing/build.sbt. Using presentation compiler with project's scala-library version: 3.6.4
2025.04.02 20:56:47 INFO  no build target found for /home/condo-142/es/tcc2/stream-processing/build.sbt. Using presentation compiler with project's scala-library version: 3.6.4
2025.04.02 20:56:47 INFO  no build target found for /home/condo-142/es/tcc2/stream-processing/build.sbt. Using presentation compiler with project's scala-library version: 3.6.4
2025.04.02 20:56:47 INFO  no build target found for /home/condo-142/es/tcc2/stream-processing/build.sbt. Using presentation compiler with project's scala-library version: 3.6.4
2025.04.02 20:57:41 INFO  no build target found for /home/condo-142/es/tcc2/stream-processing/build.sbt. Using presentation compiler with project's scala-library version: 3.6.4
2025.04.02 20:57:41 INFO  no build target found for /home/condo-142/es/tcc2/stream-processing/build.sbt. Using presentation compiler with project's scala-library version: 3.6.4
2025.04.02 20:57:41 INFO  no build target found for /home/condo-142/es/tcc2/stream-processing/build.sbt. Using presentation compiler with project's scala-library version: 3.6.4
2025.04.02 20:57:41 INFO  no build target found for /home/condo-142/es/tcc2/stream-processing/build.sbt. Using presentation compiler with project's scala-library version: 3.6.4
2025.04.02 20:57:41 INFO  no build target found for /home/condo-142/es/tcc2/stream-processing/build.sbt. Using presentation compiler with project's scala-library version: 3.6.4
2025.04.02 20:57:42 INFO  no build target found for /home/condo-142/es/tcc2/stream-processing/build.sbt. Using presentation compiler with project's scala-library version: 3.6.4
2025.04.02 20:57:41 INFO  no build target found for /home/condo-142/es/tcc2/stream-processing/build.sbt. Using presentation compiler with project's scala-library version: 3.6.4
2025.04.02 20:57:42 INFO  no build target found for /home/condo-142/es/tcc2/stream-processing/build.sbt. Using presentation compiler with project's scala-library version: 3.6.4
2025.04.02 20:57:42 INFO  no build target found for /home/condo-142/es/tcc2/stream-processing/build.sbt. Using presentation compiler with project's scala-library version: 3.6.4
2025.04.02 20:57:42 INFO  no build target found for /home/condo-142/es/tcc2/stream-processing/build.sbt. Using presentation compiler with project's scala-library version: 3.6.4
2025.04.02 20:57:42 INFO  no build target found for /home/condo-142/es/tcc2/stream-processing/build.sbt. Using presentation compiler with project's scala-library version: 3.6.4
2025.04.02 20:57:42 INFO  no build target found for /home/condo-142/es/tcc2/stream-processing/build.sbt. Using presentation compiler with project's scala-library version: 3.6.4
2025.04.02 20:57:43 INFO  no build target found for /home/condo-142/es/tcc2/stream-processing/build.sbt. Using presentation compiler with project's scala-library version: 3.6.4
2025.04.02 20:57:43 INFO  no build target found for /home/condo-142/es/tcc2/stream-processing/build.sbt. Using presentation compiler with project's scala-library version: 3.6.4
2025.04.02 20:57:43 INFO  no build target found for /home/condo-142/es/tcc2/stream-processing/build.sbt. Using presentation compiler with project's scala-library version: 3.6.4
2025.04.02 20:57:43 INFO  no build target found for /home/condo-142/es/tcc2/stream-processing/build.sbt. Using presentation compiler with project's scala-library version: 3.6.4
2025.04.02 20:57:44 INFO  no build target found for /home/condo-142/es/tcc2/stream-processing/build.sbt. Using presentation compiler with project's scala-library version: 3.6.4
2025.04.02 20:57:44 INFO  no build target found for /home/condo-142/es/tcc2/stream-processing/build.sbt. Using presentation compiler with project's scala-library version: 3.6.4
2025.04.02 20:57:44 INFO  no build target found for /home/condo-142/es/tcc2/stream-processing/build.sbt. Using presentation compiler with project's scala-library version: 3.6.4
2025.04.02 20:57:44 INFO  no build target found for /home/condo-142/es/tcc2/stream-processing/build.sbt. Using presentation compiler with project's scala-library version: 3.6.4
2025.04.02 20:57:44 INFO  no build target found for /home/condo-142/es/tcc2/stream-processing/build.sbt. Using presentation compiler with project's scala-library version: 3.6.4
2025.04.02 20:57:45 INFO  no build target found for /home/condo-142/es/tcc2/stream-processing/build.sbt. Using presentation compiler with project's scala-library version: 3.6.4
2025.04.02 20:57:45 INFO  no build target found for /home/condo-142/es/tcc2/stream-processing/build.sbt. Using presentation compiler with project's scala-library version: 3.6.4
2025.04.02 20:57:44 WARN  no build target for: /home/condo-142/es/tcc2/stream-processing/build.sbt
2025.04.02 20:57:45 INFO  no build target found for /home/condo-142/es/tcc2/stream-processing/build.sbt. Using presentation compiler with project's scala-library version: 3.6.4
2025.04.02 20:58:20 INFO  Shutting down server
2025.04.02 20:58:20 INFO  shutting down Metals
2025.04.02 20:58:20 INFO  Shut down connection with build server.
2025.04.02 20:58:20 INFO  Exiting server
2025.04.02 21:01:04 INFO  Started: Metals version 1.5.2 in folders '/home/condo-142/es/tcc2' for client Visual Studio Code 1.97.2.
2025.04.02 21:01:08 INFO  no build target found for /home/condo-142/es/tcc2/stream-processing/src/main/scala/Entities.scala. Using presentation compiler with project's scala-library version: 3.3.5
2025.04.02 21:01:09 INFO  no build target found for /home/condo-142/es/tcc2/stream-processing/src/main/scala/Entities.scala. Using presentation compiler with project's scala-library version: 3.3.5
2025.04.02 21:01:09 INFO  Attempting to connect to the build server...
2025.04.02 21:01:09 INFO  Found a Bloop server running
2025.04.02 21:01:09 INFO  tracing is disabled for protocol BSP, to enable tracing of incoming and outgoing JSON messages create an empty file at /home/condo-142/es/tcc2/.metals/bsp.trace.json or /home/condo-142/.cache/metals/bsp.trace.json
2025.04.02 21:01:09 INFO  time: Connected to build server in 0.46s
2025.04.02 21:01:09 INFO  Connected to Build server: Bloop v2.0.9
2025.04.02 21:01:10 INFO  time: Imported build in 0.23s
2025.04.02 21:01:14 INFO  time: indexed workspace in 4.65s
2025.04.02 21:01:15 INFO  compiling root (2 scala sources)
2025.04.02 21:01:15 INFO  time: compiled root in 0.63s
2025.04.02 21:01:53 INFO  no build target found for /home/condo-142/es/tcc2/stream-processing/build.sbt. Using presentation compiler with project's scala-library version: 3.6.4
2025.04.02 21:01:53 INFO  no build target found for /home/condo-142/es/tcc2/stream-processing/build.sbt. Using presentation compiler with project's scala-library version: 3.6.4
2025.04.02 21:01:53 WARN  no build target for: /home/condo-142/es/tcc2/stream-processing/build.sbt
2025.04.02 21:01:54 INFO  no build target found for /home/condo-142/es/tcc2/stream-processing/build.sbt. Using presentation compiler with project's scala-library version: 3.6.4
2025.04.02 21:01:54 INFO  no build target found for /home/condo-142/es/tcc2/stream-processing/build.sbt. Using presentation compiler with project's scala-library version: 3.6.4
2025.04.02 21:01:54 INFO  no build target found for /home/condo-142/es/tcc2/stream-processing/build.sbt. Using presentation compiler with project's scala-library version: 3.6.4
2025.04.02 21:02:54 INFO  no build target found for /home/condo-142/es/tcc2/stream-processing/build.sbt. Using presentation compiler with project's scala-library version: 3.6.4
2025.04.02 21:02:54 WARN  no build target for: /home/condo-142/es/tcc2/stream-processing/build.sbt
2025.04.02 21:02:54 INFO  no build target found for /home/condo-142/es/tcc2/stream-processing/build.sbt. Using presentation compiler with project's scala-library version: 3.6.4
2025.04.02 21:02:58 INFO  no build target found for /home/condo-142/es/tcc2/stream-processing/build.sbt. Using presentation compiler with project's scala-library version: 3.6.4
2025.04.02 21:02:58 INFO  no build target found for /home/condo-142/es/tcc2/stream-processing/build.sbt. Using presentation compiler with project's scala-library version: 3.6.4
2025.04.02 21:02:58 INFO  no build target found for /home/condo-142/es/tcc2/stream-processing/build.sbt. Using presentation compiler with project's scala-library version: 3.6.4
2025.04.02 21:02:58 INFO  no build target found for /home/condo-142/es/tcc2/stream-processing/build.sbt. Using presentation compiler with project's scala-library version: 3.6.4
2025.04.02 21:02:58 INFO  no build target found for /home/condo-142/es/tcc2/stream-processing/build.sbt. Using presentation compiler with project's scala-library version: 3.6.4
2025.04.02 21:02:58 INFO  no build target found for /home/condo-142/es/tcc2/stream-processing/build.sbt. Using presentation compiler with project's scala-library version: 3.6.4
2025.04.02 21:02:59 INFO  no build target found for /home/condo-142/es/tcc2/stream-processing/build.sbt. Using presentation compiler with project's scala-library version: 3.6.4
2025.04.02 21:02:59 INFO  no build target found for /home/condo-142/es/tcc2/stream-processing/build.sbt. Using presentation compiler with project's scala-library version: 3.6.4
2025.04.02 21:02:59 INFO  no build target found for /home/condo-142/es/tcc2/stream-processing/build.sbt. Using presentation compiler with project's scala-library version: 3.6.4
2025.04.02 21:02:59 WARN  no build target for: /home/condo-142/es/tcc2/stream-processing/build.sbt
2025.04.02 21:03:00 INFO  no build target found for /home/condo-142/es/tcc2/stream-processing/build.sbt. Using presentation compiler with project's scala-library version: 3.6.4
2025.04.02 21:03:00 INFO  skipping build import with status 'Installed'
2025.04.02 21:02:59 INFO  Disconnecting from Bloop session...
2025.04.02 21:03:00 INFO  Shut down connection with build server.
2025.04.02 21:02:59 INFO  Attempting to connect to the build server...
2025.04.02 21:02:59 INFO  Found a Bloop server running
2025.04.02 21:02:59 INFO  tracing is disabled for protocol BSP, to enable tracing of incoming and outgoing JSON messages create an empty file at /home/condo-142/es/tcc2/.metals/bsp.trace.json or /home/condo-142/.cache/metals/bsp.trace.json
2025.04.02 21:03:00 INFO  time: Connected to build server in 0.12s
2025.04.02 21:03:00 INFO  Connected to Build server: Bloop v2.0.9
2025.04.02 21:03:02 INFO  time: indexed workspace in 1.96s
2025.04.02 21:03:02 WARN  no build target for: /home/condo-142/es/tcc2/stream-processing/build.sbt
2025.04.02 21:03:02 INFO  compiling root (2 scala sources)
2025.04.02 21:03:02 INFO  no build target found for /home/condo-142/es/tcc2/stream-processing/build.sbt. Using presentation compiler with project's scala-library version: 3.6.4
2025.04.02 21:03:02 INFO  time: compiled root in 0.34s
2025.04.02 21:03:02 INFO  no build target found for /home/condo-142/es/tcc2/stream-processing/build.sbt. Using presentation compiler with project's scala-library version: 3.6.4
2025.04.02 21:03:15 INFO  skipping build import with status 'Installed'
2025.04.02 21:03:15 INFO  Disconnecting from Bloop session...
2025.04.02 21:03:15 WARN  no build target for: /home/condo-142/es/tcc2/stream-processing/build.sbt
2025.04.02 21:03:15 INFO  Shut down connection with build server.
2025.04.02 21:03:15 INFO  Attempting to connect to the build server...
2025.04.02 21:03:15 INFO  Found a Bloop server running
2025.04.02 21:03:15 INFO  no build target found for /home/condo-142/es/tcc2/stream-processing/build.sbt. Using presentation compiler with project's scala-library version: 3.6.4
2025.04.02 21:03:15 INFO  tracing is disabled for protocol BSP, to enable tracing of incoming and outgoing JSON messages create an empty file at /home/condo-142/es/tcc2/.metals/bsp.trace.json or /home/condo-142/.cache/metals/bsp.trace.json
2025.04.02 21:03:15 INFO  time: Connected to build server in 0.11s
2025.04.02 21:03:15 INFO  Connected to Build server: Bloop v2.0.9
2025.04.02 21:03:16 INFO  time: indexed workspace in 1.11s
2025.04.02 21:03:16 WARN  no build target for: /home/condo-142/es/tcc2/stream-processing/build.sbt
2025.04.02 21:03:16 INFO  compiling root (2 scala sources)
2025.04.02 21:03:16 INFO  no build target found for /home/condo-142/es/tcc2/stream-processing/build.sbt. Using presentation compiler with project's scala-library version: 3.6.4
2025.04.02 21:03:16 INFO  time: compiled root in 0.27s
2025.04.02 21:03:16 INFO  no build target found for /home/condo-142/es/tcc2/stream-processing/build.sbt. Using presentation compiler with project's scala-library version: 3.6.4
2025.04.02 21:07:35 INFO  no build target found for /home/condo-142/es/tcc2/stream-processing/build.sbt. Using presentation compiler with project's scala-library version: 3.6.4
2025.04.02 21:07:35 WARN  no build target for: /home/condo-142/es/tcc2/stream-processing/build.sbt
2025.04.02 21:07:35 INFO  no build target found for /home/condo-142/es/tcc2/stream-processing/build.sbt. Using presentation compiler with project's scala-library version: 3.6.4
2025.04.02 21:07:35 INFO  no build target found for /home/condo-142/es/tcc2/stream-processing/build.sbt. Using presentation compiler with project's scala-library version: 3.6.4
2025.04.02 21:07:35 INFO  no build target found for /home/condo-142/es/tcc2/stream-processing/build.sbt. Using presentation compiler with project's scala-library version: 3.6.4
2025.04.02 21:07:35 INFO  no build target found for /home/condo-142/es/tcc2/stream-processing/build.sbt. Using presentation compiler with project's scala-library version: 3.6.4
2025.04.02 21:07:35 INFO  no build target found for /home/condo-142/es/tcc2/stream-processing/build.sbt. Using presentation compiler with project's scala-library version: 3.6.4
2025.04.02 21:08:35 INFO  skipping build import with status 'Installed'
2025.04.02 21:08:35 INFO  Disconnecting from Bloop session...
2025.04.02 21:08:35 WARN  no build target for: /home/condo-142/es/tcc2/stream-processing/build.sbt
2025.04.02 21:08:35 INFO  Shut down connection with build server.
2025.04.02 21:08:35 INFO  Attempting to connect to the build server...
2025.04.02 21:08:35 INFO  Found a Bloop server running
2025.04.02 21:08:35 INFO  no build target found for /home/condo-142/es/tcc2/stream-processing/build.sbt. Using presentation compiler with project's scala-library version: 3.6.4
2025.04.02 21:08:35 INFO  tracing is disabled for protocol BSP, to enable tracing of incoming and outgoing JSON messages create an empty file at /home/condo-142/es/tcc2/.metals/bsp.trace.json or /home/condo-142/.cache/metals/bsp.trace.json
2025.04.02 21:08:35 INFO  time: Connected to build server in 0.12s
2025.04.02 21:08:35 INFO  Connected to Build server: Bloop v2.0.9
2025.04.02 21:08:36 INFO  compiling root (2 scala sources)
2025.04.02 21:08:36 INFO  time: indexed workspace in 1.49s
2025.04.02 21:08:36 WARN  no build target for: /home/condo-142/es/tcc2/stream-processing/build.sbt
2025.04.02 21:08:36 INFO  time: compiled root in 0.33s
2025.04.02 21:08:36 INFO  compiling root (2 scala sources)
2025.04.02 21:08:36 INFO  time: compiled root in 0.3s
2025.04.02 21:08:38 INFO  no build target found for /home/condo-142/es/tcc2/stream-processing/build.sbt. Using presentation compiler with project's scala-library version: 3.6.4
2025.04.02 21:08:38 WARN  no build target for: /home/condo-142/es/tcc2/stream-processing/build.sbt
2025.04.02 21:08:38 INFO  no build target found for /home/condo-142/es/tcc2/stream-processing/build.sbt. Using presentation compiler with project's scala-library version: 3.6.4
2025.04.02 21:08:38 INFO  no build target found for /home/condo-142/es/tcc2/stream-processing/build.sbt. Using presentation compiler with project's scala-library version: 3.6.4
2025.04.02 21:08:38 INFO  no build target found for /home/condo-142/es/tcc2/stream-processing/build.sbt. Using presentation compiler with project's scala-library version: 3.6.4
2025.04.02 21:08:40 INFO  no build target found for /home/condo-142/es/tcc2/stream-processing/build.sbt. Using presentation compiler with project's scala-library version: 3.6.4
2025.04.02 21:08:55 INFO  compiling root (2 scala sources)
2025.04.02 21:08:55 INFO  time: compiled root in 0.15s
2025.04.02 21:11:04 INFO  compiling root (2 scala sources)
2025.04.02 21:11:04 INFO  time: compiled root in 0.29s
2025.04.02 21:11:05 INFO  time: evaluated worksheet 'dd.worksheet.sc' in 0.26s
2025.04.02 21:11:12 INFO  compiling root (3 scala sources)
2025.04.02 21:11:12 INFO  time: compiled root in 0.32s
2025.04.02 21:11:12 INFO  compiling root (3 scala sources)
2025.04.02 21:11:12 WARN  Could not find semantic tokens for: file:///home/condo-142/es/tcc2/stream-processing/src/main/scala/Processing.scala
2025.04.02 21:11:12 INFO  time: compiled root in 0.18s
2025.04.02 21:11:12 WARN  Could not find semantic tokens for: file:///home/condo-142/es/tcc2/stream-processing/src/main/scala/Processing.scala
2025.04.02 21:11:16 ERROR worksheet: /home/condo-142/es/tcc2/stream-processing/src/main/scala/dd.worksheet.sc
java.nio.file.NoSuchFileException: /home/condo-142/es/tcc2/stream-processing/src/main/scala/dd.worksheet.sc
	at sun.nio.fs.UnixException.translateToIOException(UnixException.java:92)
	at sun.nio.fs.UnixException.rethrowAsIOException(UnixException.java:106)
	at sun.nio.fs.UnixException.rethrowAsIOException(UnixException.java:111)
	at sun.nio.fs.UnixFileSystemProvider.newByteChannel(UnixFileSystemProvider.java:261)
	at java.nio.file.Files.newByteChannel(Files.java:379)
	at java.nio.file.Files.newByteChannel(Files.java:431)
	at java.nio.file.Files.readAllBytes(Files.java:3268)
	at scala.meta.internal.io.PlatformFileIO$.slurp(PlatformFileIO.scala:42)
	at scala.meta.internal.io.FileIO$.slurp(FileIO.scala:18)
	at scala.meta.internal.mtags.ScalametaCommonEnrichments$XtensionAbsolutePath.toInput(ScalametaCommonEnrichments.scala:465)
	at scala.meta.internal.metals.MetalsEnrichments$XtensionAbsolutePathBuffers.toInputFromBuffers(MetalsEnrichments.scala:624)
	at scala.meta.internal.worksheets.WorksheetProvider.scala$meta$internal$worksheets$WorksheetProvider$$evaluateWorksheet(WorksheetProvider.scala:449)
	at scala.meta.internal.worksheets.WorksheetProvider$$anon$1.liftedTree1$1(WorksheetProvider.scala:334)
	at scala.meta.internal.worksheets.WorksheetProvider$$anon$1.run(WorksheetProvider.scala:334)

2025.04.02 21:11:16 ERROR worksheet: /home/condo-142/es/tcc2/stream-processing/src/main/scala/dd.worksheet.sc
java.nio.file.NoSuchFileException: /home/condo-142/es/tcc2/stream-processing/src/main/scala/dd.worksheet.sc
	at sun.nio.fs.UnixException.translateToIOException(UnixException.java:92)
	at sun.nio.fs.UnixException.rethrowAsIOException(UnixException.java:106)
	at sun.nio.fs.UnixException.rethrowAsIOException(UnixException.java:111)
	at sun.nio.fs.UnixFileSystemProvider.newByteChannel(UnixFileSystemProvider.java:261)
	at java.nio.file.Files.newByteChannel(Files.java:379)
	at java.nio.file.Files.newByteChannel(Files.java:431)
	at java.nio.file.Files.readAllBytes(Files.java:3268)
	at scala.meta.internal.io.PlatformFileIO$.slurp(PlatformFileIO.scala:42)
	at scala.meta.internal.io.FileIO$.slurp(FileIO.scala:18)
	at scala.meta.internal.mtags.ScalametaCommonEnrichments$XtensionAbsolutePath.toInput(ScalametaCommonEnrichments.scala:465)
	at scala.meta.internal.metals.MetalsEnrichments$XtensionAbsolutePathBuffers.toInputFromBuffers(MetalsEnrichments.scala:624)
	at scala.meta.internal.worksheets.WorksheetProvider.scala$meta$internal$worksheets$WorksheetProvider$$evaluateWorksheet(WorksheetProvider.scala:449)
	at scala.meta.internal.worksheets.WorksheetProvider$$anon$1.liftedTree1$1(WorksheetProvider.scala:334)
	at scala.meta.internal.worksheets.WorksheetProvider$$anon$1.run(WorksheetProvider.scala:334)

2025.04.02 21:11:16 INFO  time: evaluated worksheet 'dd.worksheet.sc' in 1ms
2025.04.02 21:11:16 WARN  Could not find semantic tokens for: file:///home/condo-142/es/tcc2/stream-processing/src/main/scala/Processing.scala
2025.04.02 21:11:22 INFO  compiling root (3 scala sources)
2025.04.02 21:11:22 INFO  time: compiled root in 0.84s
2025.04.02 21:13:12 INFO  compiling root (3 scala sources)
2025.04.02 21:13:12 INFO  time: compiled root in 0.7s
Apr 02, 2025 9:13:15 PM scala.meta.internal.metals.StdReporter $anonfun$create$1
WARNING: empty definition using pc, found symbol in pc: `<none>`. (full report at: /home/condo-142/es/tcc2/.metals/.reports/metals-full/2025-04-02/r_empty-definition_20-19-47-944.md)
2025.04.02 21:13:15 INFO  compiling root (3 scala sources)
Apr 02, 2025 9:13:16 PM scala.meta.internal.metals.StdReporter $anonfun$create$1
WARNING: empty definition using pc, found symbol in pc: `<none>`. (full report at: /home/condo-142/es/tcc2/.metals/.reports/metals-full/2025-04-02/r_empty-definition_20-19-47-944.md)
2025.04.02 21:13:15 INFO  time: compiled root in 0.5s
2025.04.02 21:13:16 WARN  Could not find 'String' using presentation compiler nor semanticdb. Trying to guess the definition using available information from local class context. 
Apr 02, 2025 9:13:16 PM scala.meta.internal.metals.StdReporter $anonfun$create$1
WARNING: empty definition using pc, found symbol in pc: `<none>`. (full report at: /home/condo-142/es/tcc2/.metals/.reports/metals-full/2025-04-02/r_empty-definition_20-19-47-944.md)
2025.04.02 21:13:16 WARN  Could not find 'String' using presentation compiler nor semanticdb. Trying to guess the definition using available information from local class context. 
Apr 02, 2025 9:13:16 PM scala.meta.internal.metals.StdReporter $anonfun$create$1
WARNING: empty definition using pc, found symbol in pc: `<none>`. (full report at: /home/condo-142/es/tcc2/.metals/.reports/metals-full/2025-04-02/r_empty-definition_20-19-47-944.md)
2025.04.02 21:13:15 INFO  compiling root (3 scala sources)
2025.04.02 21:13:17 INFO  time: compiled root in 0.98s
Apr 02, 2025 9:13:18 PM scala.meta.internal.pc.CompilerAccess handleError
SEVERE: A severe compiler error occurred, full details of the error can be found in the error report /home/condo-142/es/tcc2/.metals/.reports/metals-full/2025-04-02/r_compiler-error_(root-test)_21-13-18-208.md
Apr 02, 2025 9:16:34 PM scala.meta.internal.metals.StdReporter $anonfun$create$1
WARNING: empty definition using pc, found symbol in pc: `<none>`. (full report at: /home/condo-142/es/tcc2/.metals/.reports/metals-full/2025-04-02/r_empty-definition_20-19-47-944.md)
Apr 02, 2025 9:16:34 PM scala.meta.internal.metals.StdReporter $anonfun$create$1
WARNING: empty definition using pc, found symbol in pc: `<none>`. (full report at: /home/condo-142/es/tcc2/.metals/.reports/metals-full/2025-04-02/r_empty-definition_20-19-47-944.md)
2025.04.02 21:27:40 INFO  no build target found for /home/condo-142/es/tcc2/stream-processing/build.sbt. Using presentation compiler with project's scala-library version: 3.6.4
2025.04.02 21:28:37 INFO  Shutting down server
2025.04.02 21:28:37 INFO  shutting down Metals
2025.04.02 21:28:37 INFO  Shut down connection with build server.
2025.04.02 21:28:37 INFO  Exiting server
